0 info it worked if it ends with ok
1 verbose cli [ '/usr/local/bin/node', '/usr/local/bin/npm', 'run', 'build' ]
2 info using npm@3.10.3
3 info using node@v6.3.1
4 verbose run-script [ 'prebuild', 'build', 'postbuild' ]
5 info lifecycle merj@0.1.0~prebuild: merj@0.1.0
6 silly lifecycle merj@0.1.0~prebuild: no script for prebuild, continuing
7 info lifecycle merj@0.1.0~build: merj@0.1.0
8 verbose lifecycle merj@0.1.0~build: unsafe-perm in lifecycle true
9 verbose lifecycle merj@0.1.0~build: PATH: /usr/local/lib/node_modules/npm/bin/node-gyp-bin:/Users/Home/merj/node_modules/.bin:/usr/local/bin:/usr/local/bin:/usr/bin:/bin:/usr/sbin:/sbin
10 verbose lifecycle merj@0.1.0~build: CWD: /Users/Home/merj
11 silly lifecycle merj@0.1.0~build: Args: [ '-c', 'react-scripts build' ]
12 silly lifecycle merj@0.1.0~build: Returned: code: 1  signal: null
13 info lifecycle merj@0.1.0~build: Failed to exec build script
14 verbose stack Error: merj@0.1.0 build: `react-scripts build`
14 verbose stack Exit status 1
14 verbose stack     at EventEmitter.<anonymous> (/usr/local/lib/node_modules/npm/lib/utils/lifecycle.js:242:16)
14 verbose stack     at emitTwo (events.js:106:13)
14 verbose stack     at EventEmitter.emit (events.js:191:7)
14 verbose stack     at ChildProcess.<anonymous> (/usr/local/lib/node_modules/npm/lib/utils/spawn.js:40:14)
14 verbose stack     at emitTwo (events.js:106:13)
14 verbose stack     at ChildProcess.emit (events.js:191:7)
14 verbose stack     at maybeClose (internal/child_process.js:852:16)
14 verbose stack     at Process.ChildProcess._handle.onexit (internal/child_process.js:215:5)
15 verbose pkgid merj@0.1.0
16 verbose cwd /Users/Home/merj
17 error Darwin 16.4.0
18 error argv "/usr/local/bin/node" "/usr/local/bin/npm" "run" "build"
19 error node v6.3.1
20 error npm  v3.10.3
21 error code ELIFECYCLE
22 error merj@0.1.0 build: `react-scripts build`
22 error Exit status 1
23 error Failed at the merj@0.1.0 build script 'react-scripts build'.
23 error Make sure you have the latest version of node.js and npm installed.
23 error If you do, this is most likely a problem with the merj package,
23 error not with npm itself.
23 error Tell the author that this fails on your system:
23 error     react-scripts build
23 error You can get information on how to open an issue for this project with:
23 error     npm bugs merj
23 error Or if that isn't available, you can get their info via:
23 error     npm owner ls merj
23 error There is likely additional logging output above.
24 verbose exit [ 1, true ]
